<?xml version="1.0" encoding="UTF-8"?>
<testsuite xmlns:xsi="http://www.w3.org/2001/XMLSchema-instance" xsi:noNamespaceSchemaLocation="https://maven.apache.org/surefire/maven-surefire-plugin/xsd/surefire-test-report.xsd" version="3.0.2" name="com.example.TallerReceso.TallerRecesoApplicationTests" time="19.452" tests="1" errors="0" skipped="0" failures="0">
  <properties>
    <property name="java.specification.version" value="17"/>
    <property name="sun.jnu.encoding" value="UTF-8"/>
    <property name="java.class.path" value="/Users/juancarlos/Desktop/Taller_Receso_Juan_Leal/target/test-classes:/Users/juancarlos/Desktop/Taller_Receso_Juan_Leal/target/classes:/Users/juancarlos/.m2/repository/org/springframework/session/spring-session-data-mongodb/3.5.2/spring-session-data-mongodb-3.5.2.jar:/Users/juancarlos/.m2/repository/org/springframework/session/spring-session-core/3.5.2/spring-session-core-3.5.2.jar:/Users/juancarlos/.m2/repository/org/springframework/spring-jcl/6.2.10/spring-jcl-6.2.10.jar:/Users/juancarlos/.m2/repository/org/springframework/data/spring-data-mongodb/4.5.3/spring-data-mongodb-4.5.3.jar:/Users/juancarlos/.m2/repository/org/springframework/spring-tx/6.2.10/spring-tx-6.2.10.jar:/Users/juancarlos/.m2/repository/org/springframework/spring-context/6.2.10/spring-context-6.2.10.jar:/Users/juancarlos/.m2/repository/org/springframework/spring-beans/6.2.10/spring-beans-6.2.10.jar:/Users/juancarlos/.m2/repository/org/springframework/spring-expression/6.2.10/spring-expression-6.2.10.jar:/Users/juancarlos/.m2/repository/org/springframework/data/spring-data-commons/3.5.3/spring-data-commons-3.5.3.jar:/Users/juancarlos/.m2/repository/org/slf4j/slf4j-api/2.0.17/slf4j-api-2.0.17.jar:/Users/juancarlos/.m2/repository/com/fasterxml/jackson/core/jackson-databind/2.19.2/jackson-databind-2.19.2.jar:/Users/juancarlos/.m2/repository/com/fasterxml/jackson/core/jackson-annotations/2.19.2/jackson-annotations-2.19.2.jar:/Users/juancarlos/.m2/repository/com/fasterxml/jackson/core/jackson-core/2.19.2/jackson-core-2.19.2.jar:/Users/juancarlos/.m2/repository/org/springframework/security/spring-security-core/6.5.3/spring-security-core-6.5.3.jar:/Users/juancarlos/.m2/repository/org/springframework/security/spring-security-crypto/6.5.3/spring-security-crypto-6.5.3.jar:/Users/juancarlos/.m2/repository/io/micrometer/micrometer-observation/1.15.3/micrometer-observation-1.15.3.jar:/Users/juancarlos/.m2/repository/io/micrometer/micrometer-commons/1.15.3/micrometer-commons-1.15.3.jar:/Users/juancarlos/.m2/repository/com/google/code/findbugs/jsr305/3.0.2/jsr305-3.0.2.jar:/Users/juancarlos/.m2/repository/org/springdoc/springdoc-openapi-starter-webmvc-ui/2.2.0/springdoc-openapi-starter-webmvc-ui-2.2.0.jar:/Users/juancarlos/.m2/repository/org/springdoc/springdoc-openapi-starter-webmvc-api/2.2.0/springdoc-openapi-starter-webmvc-api-2.2.0.jar:/Users/juancarlos/.m2/repository/org/springdoc/springdoc-openapi-starter-common/2.2.0/springdoc-openapi-starter-common-2.2.0.jar:/Users/juancarlos/.m2/repository/io/swagger/core/v3/swagger-core-jakarta/2.2.15/swagger-core-jakarta-2.2.15.jar:/Users/juancarlos/.m2/repository/io/swagger/core/v3/swagger-annotations-jakarta/2.2.15/swagger-annotations-jakarta-2.2.15.jar:/Users/juancarlos/.m2/repository/io/swagger/core/v3/swagger-models-jakarta/2.2.15/swagger-models-jakarta-2.2.15.jar:/Users/juancarlos/.m2/repository/jakarta/validation/jakarta.validation-api/3.0.2/jakarta.validation-api-3.0.2.jar:/Users/juancarlos/.m2/repository/com/fasterxml/jackson/dataformat/jackson-dataformat-yaml/2.19.2/jackson-dataformat-yaml-2.19.2.jar:/Users/juancarlos/.m2/repository/org/webjars/swagger-ui/5.2.0/swagger-ui-5.2.0.jar:/Users/juancarlos/.m2/repository/org/projectlombok/lombok/1.18.38/lombok-1.18.38.jar:/Users/juancarlos/.m2/repository/org/springframework/boot/spring-boot-starter-test/3.5.5/spring-boot-starter-test-3.5.5.jar:/Users/juancarlos/.m2/repository/org/springframework/boot/spring-boot-starter/3.5.5/spring-boot-starter-3.5.5.jar:/Users/juancarlos/.m2/repository/org/springframework/boot/spring-boot/3.5.5/spring-boot-3.5.5.jar:/Users/juancarlos/.m2/repository/org/springframework/boot/spring-boot-autoconfigure/3.5.5/spring-boot-autoconfigure-3.5.5.jar:/Users/juancarlos/.m2/repository/org/springframework/boot/spring-boot-starter-logging/3.5.5/spring-boot-starter-logging-3.5.5.jar:/Users/juancarlos/.m2/repository/ch/qos/logback/logback-classic/1.5.18/logback-classic-1.5.18.jar:/Users/juancarlos/.m2/repository/ch/qos/logback/logback-core/1.5.18/logback-core-1.5.18.jar:/Users/juancarlos/.m2/repository/org/apache/logging/log4j/log4j-to-slf4j/2.24.3/log4j-to-slf4j-2.24.3.jar:/Users/juancarlos/.m2/repository/org/apache/logging/log4j/log4j-api/2.24.3/log4j-api-2.24.3.jar:/Users/juancarlos/.m2/repository/org/slf4j/jul-to-slf4j/2.0.17/jul-to-slf4j-2.0.17.jar:/Users/juancarlos/.m2/repository/jakarta/annotation/jakarta.annotation-api/2.1.1/jakarta.annotation-api-2.1.1.jar:/Users/juancarlos/.m2/repository/org/yaml/snakeyaml/2.4/snakeyaml-2.4.jar:/Users/juancarlos/.m2/repository/org/springframework/boot/spring-boot-test/3.5.5/spring-boot-test-3.5.5.jar:/Users/juancarlos/.m2/repository/org/springframework/boot/spring-boot-test-autoconfigure/3.5.5/spring-boot-test-autoconfigure-3.5.5.jar:/Users/juancarlos/.m2/repository/com/jayway/jsonpath/json-path/2.9.0/json-path-2.9.0.jar:/Users/juancarlos/.m2/repository/jakarta/xml/bind/jakarta.xml.bind-api/4.0.2/jakarta.xml.bind-api-4.0.2.jar:/Users/juancarlos/.m2/repository/jakarta/activation/jakarta.activation-api/2.1.3/jakarta.activation-api-2.1.3.jar:/Users/juancarlos/.m2/repository/net/minidev/json-smart/2.5.2/json-smart-2.5.2.jar:/Users/juancarlos/.m2/repository/net/minidev/accessors-smart/2.5.2/accessors-smart-2.5.2.jar:/Users/juancarlos/.m2/repository/org/ow2/asm/asm/9.7.1/asm-9.7.1.jar:/Users/juancarlos/.m2/repository/org/assertj/assertj-core/3.27.4/assertj-core-3.27.4.jar:/Users/juancarlos/.m2/repository/org/awaitility/awaitility/4.2.2/awaitility-4.2.2.jar:/Users/juancarlos/.m2/repository/org/hamcrest/hamcrest/3.0/hamcrest-3.0.jar:/Users/juancarlos/.m2/repository/org/junit/jupiter/junit-jupiter/5.12.2/junit-jupiter-5.12.2.jar:/Users/juancarlos/.m2/repository/org/junit/jupiter/junit-jupiter-api/5.12.2/junit-jupiter-api-5.12.2.jar:/Users/juancarlos/.m2/repository/org/opentest4j/opentest4j/1.3.0/opentest4j-1.3.0.jar:/Users/juancarlos/.m2/repository/org/junit/platform/junit-platform-commons/1.12.2/junit-platform-commons-1.12.2.jar:/Users/juancarlos/.m2/repository/org/apiguardian/apiguardian-api/1.1.2/apiguardian-api-1.1.2.jar:/Users/juancarlos/.m2/repository/org/junit/jupiter/junit-jupiter-params/5.12.2/junit-jupiter-params-5.12.2.jar:/Users/juancarlos/.m2/repository/org/junit/jupiter/junit-jupiter-engine/5.12.2/junit-jupiter-engine-5.12.2.jar:/Users/juancarlos/.m2/repository/org/junit/platform/junit-platform-engine/1.12.2/junit-platform-engine-1.12.2.jar:/Users/juancarlos/.m2/repository/org/mockito/mockito-junit-jupiter/5.17.0/mockito-junit-jupiter-5.17.0.jar:/Users/juancarlos/.m2/repository/org/skyscreamer/jsonassert/1.5.3/jsonassert-1.5.3.jar:/Users/juancarlos/.m2/repository/com/vaadin/external/google/android-json/0.0.20131108.vaadin1/android-json-0.0.20131108.vaadin1.jar:/Users/juancarlos/.m2/repository/org/springframework/spring-core/6.2.10/spring-core-6.2.10.jar:/Users/juancarlos/.m2/repository/org/springframework/spring-test/6.2.10/spring-test-6.2.10.jar:/Users/juancarlos/.m2/repository/org/xmlunit/xmlunit-core/2.10.3/xmlunit-core-2.10.3.jar:/Users/juancarlos/.m2/repository/org/springframework/boot/spring-boot-starter-web/3.5.5/spring-boot-starter-web-3.5.5.jar:/Users/juancarlos/.m2/repository/org/springframework/boot/spring-boot-starter-json/3.5.5/spring-boot-starter-json-3.5.5.jar:/Users/juancarlos/.m2/repository/com/fasterxml/jackson/datatype/jackson-datatype-jdk8/2.19.2/jackson-datatype-jdk8-2.19.2.jar:/Users/juancarlos/.m2/repository/com/fasterxml/jackson/datatype/jackson-datatype-jsr310/2.19.2/jackson-datatype-jsr310-2.19.2.jar:/Users/juancarlos/.m2/repository/com/fasterxml/jackson/module/jackson-module-parameter-names/2.19.2/jackson-module-parameter-names-2.19.2.jar:/Users/juancarlos/.m2/repository/org/springframework/boot/spring-boot-starter-tomcat/3.5.5/spring-boot-starter-tomcat-3.5.5.jar:/Users/juancarlos/.m2/repository/org/apache/tomcat/embed/tomcat-embed-core/10.1.44/tomcat-embed-core-10.1.44.jar:/Users/juancarlos/.m2/repository/org/apache/tomcat/embed/tomcat-embed-el/10.1.44/tomcat-embed-el-10.1.44.jar:/Users/juancarlos/.m2/repository/org/apache/tomcat/embed/tomcat-embed-websocket/10.1.44/tomcat-embed-websocket-10.1.44.jar:/Users/juancarlos/.m2/repository/org/springframework/spring-web/6.2.10/spring-web-6.2.10.jar:/Users/juancarlos/.m2/repository/org/springframework/spring-webmvc/6.2.10/spring-webmvc-6.2.10.jar:/Users/juancarlos/.m2/repository/org/mongodb/mongodb-driver-sync/4.10.2/mongodb-driver-sync-4.10.2.jar:/Users/juancarlos/.m2/repository/org/mongodb/bson/5.5.1/bson-5.5.1.jar:/Users/juancarlos/.m2/repository/org/mongodb/mongodb-driver-core/4.10.2/mongodb-driver-core-4.10.2.jar:/Users/juancarlos/.m2/repository/org/mongodb/bson-record-codec/5.5.1/bson-record-codec-5.5.1.jar:/Users/juancarlos/.m2/repository/org/springframework/boot/spring-boot-starter-data-mongodb/3.5.5/spring-boot-starter-data-mongodb-3.5.5.jar:/Users/juancarlos/.m2/repository/org/springframework/boot/spring-boot-starter-security/3.5.5/spring-boot-starter-security-3.5.5.jar:/Users/juancarlos/.m2/repository/org/springframework/spring-aop/6.2.10/spring-aop-6.2.10.jar:/Users/juancarlos/.m2/repository/org/springframework/security/spring-security-config/6.5.3/spring-security-config-6.5.3.jar:/Users/juancarlos/.m2/repository/org/springframework/security/spring-security-web/6.5.3/spring-security-web-6.5.3.jar:/Users/juancarlos/.m2/repository/io/jsonwebtoken/jjwt-api/0.12.3/jjwt-api-0.12.3.jar:/Users/juancarlos/.m2/repository/io/jsonwebtoken/jjwt-impl/0.12.3/jjwt-impl-0.12.3.jar:/Users/juancarlos/.m2/repository/io/jsonwebtoken/jjwt-jackson/0.12.3/jjwt-jackson-0.12.3.jar:/Users/juancarlos/.m2/repository/org/mockito/mockito-core/5.17.0/mockito-core-5.17.0.jar:/Users/juancarlos/.m2/repository/net/bytebuddy/byte-buddy/1.17.7/byte-buddy-1.17.7.jar:/Users/juancarlos/.m2/repository/net/bytebuddy/byte-buddy-agent/1.17.7/byte-buddy-agent-1.17.7.jar:/Users/juancarlos/.m2/repository/org/objenesis/objenesis/3.3/objenesis-3.3.jar:/Users/juancarlos/.m2/repository/de/flapdoodle/embed/de.flapdoodle.embed.mongo/4.11.1/de.flapdoodle.embed.mongo-4.11.1.jar:/Users/juancarlos/.m2/repository/de/flapdoodle/embed/de.flapdoodle.embed.process/4.10.1/de.flapdoodle.embed.process-4.10.1.jar:/Users/juancarlos/.m2/repository/de/flapdoodle/reverse/de.flapdoodle.reverse/1.7.2/de.flapdoodle.reverse-1.7.2.jar:/Users/juancarlos/.m2/repository/de/flapdoodle/graph/de.flapdoodle.graph/1.3.3/de.flapdoodle.graph-1.3.3.jar:/Users/juancarlos/.m2/repository/org/jgrapht/jgrapht-core/1.4.0/jgrapht-core-1.4.0.jar:/Users/juancarlos/.m2/repository/org/jheaps/jheaps/0.11/jheaps-0.11.jar:/Users/juancarlos/.m2/repository/de/flapdoodle/java8/de.flapdoodle.java8/1.4.2/de.flapdoodle.java8-1.4.2.jar:/Users/juancarlos/.m2/repository/org/apache/commons/commons-lang3/3.17.0/commons-lang3-3.17.0.jar:/Users/juancarlos/.m2/repository/org/apache/commons/commons-compress/1.25.0/commons-compress-1.25.0.jar:/Users/juancarlos/.m2/repository/net/java/dev/jna/jna/5.13.0/jna-5.13.0.jar:/Users/juancarlos/.m2/repository/net/java/dev/jna/jna-platform/5.13.0/jna-platform-5.13.0.jar:/Users/juancarlos/.m2/repository/de/flapdoodle/de.flapdoodle.os-api/1.4.1/de.flapdoodle.os-api-1.4.1.jar:/Users/juancarlos/.m2/repository/de/flapdoodle/embed/de.flapdoodle.embed.mongo.packageresolver/4.10.2/de.flapdoodle.embed.mongo.packageresolver-4.10.2.jar:/Users/juancarlos/.m2/repository/de/flapdoodle/de.flapdoodle.os/1.5.3/de.flapdoodle.os-1.5.3.jar:"/>
    <property name="java.vm.vendor" value="Eclipse Adoptium"/>
    <property name="sun.arch.data.model" value="64"/>
    <property name="java.vendor.url" value="https://adoptium.net/"/>
    <property name="user.timezone" value="America/Bogota"/>
    <property name="os.name" value="Mac OS X"/>
    <property name="java.vm.specification.version" value="17"/>
    <property name="APPLICATION_NAME" value="TallerReceso"/>
    <property name="sun.java.launcher" value="SUN_STANDARD"/>
    <property name="user.country" value="CO"/>
    <property name="sun.boot.library.path" value="/Library/Java/JavaVirtualMachines/temurin-17.jdk/Contents/Home/lib"/>
    <property name="sun.java.command" value="/Users/juancarlos/Desktop/Taller_Receso_Juan_Leal/target/surefire/surefirebooter-20251030201822110_3.jar /Users/juancarlos/Desktop/Taller_Receso_Juan_Leal/target/surefire 2025-10-30T20-18-21_759-jvmRun1 surefire-20251030201822110_1tmp surefire_0-20251030201822110_2tmp"/>
    <property name="http.nonProxyHosts" value="local|*.local|169.254/16|*.169.254/16"/>
    <property name="jdk.debug" value="release"/>
    <property name="surefire.test.class.path" value="/Users/juancarlos/Desktop/Taller_Receso_Juan_Leal/target/test-classes:/Users/juancarlos/Desktop/Taller_Receso_Juan_Leal/target/classes:/Users/juancarlos/.m2/repository/org/springframework/session/spring-session-data-mongodb/3.5.2/spring-session-data-mongodb-3.5.2.jar:/Users/juancarlos/.m2/repository/org/springframework/session/spring-session-core/3.5.2/spring-session-core-3.5.2.jar:/Users/juancarlos/.m2/repository/org/springframework/spring-jcl/6.2.10/spring-jcl-6.2.10.jar:/Users/juancarlos/.m2/repository/org/springframework/data/spring-data-mongodb/4.5.3/spring-data-mongodb-4.5.3.jar:/Users/juancarlos/.m2/repository/org/springframework/spring-tx/6.2.10/spring-tx-6.2.10.jar:/Users/juancarlos/.m2/repository/org/springframework/spring-context/6.2.10/spring-context-6.2.10.jar:/Users/juancarlos/.m2/repository/org/springframework/spring-beans/6.2.10/spring-beans-6.2.10.jar:/Users/juancarlos/.m2/repository/org/springframework/spring-expression/6.2.10/spring-expression-6.2.10.jar:/Users/juancarlos/.m2/repository/org/springframework/data/spring-data-commons/3.5.3/spring-data-commons-3.5.3.jar:/Users/juancarlos/.m2/repository/org/slf4j/slf4j-api/2.0.17/slf4j-api-2.0.17.jar:/Users/juancarlos/.m2/repository/com/fasterxml/jackson/core/jackson-databind/2.19.2/jackson-databind-2.19.2.jar:/Users/juancarlos/.m2/repository/com/fasterxml/jackson/core/jackson-annotations/2.19.2/jackson-annotations-2.19.2.jar:/Users/juancarlos/.m2/repository/com/fasterxml/jackson/core/jackson-core/2.19.2/jackson-core-2.19.2.jar:/Users/juancarlos/.m2/repository/org/springframework/security/spring-security-core/6.5.3/spring-security-core-6.5.3.jar:/Users/juancarlos/.m2/repository/org/springframework/security/spring-security-crypto/6.5.3/spring-security-crypto-6.5.3.jar:/Users/juancarlos/.m2/repository/io/micrometer/micrometer-observation/1.15.3/micrometer-observation-1.15.3.jar:/Users/juancarlos/.m2/repository/io/micrometer/micrometer-commons/1.15.3/micrometer-commons-1.15.3.jar:/Users/juancarlos/.m2/repository/com/google/code/findbugs/jsr305/3.0.2/jsr305-3.0.2.jar:/Users/juancarlos/.m2/repository/org/springdoc/springdoc-openapi-starter-webmvc-ui/2.2.0/springdoc-openapi-starter-webmvc-ui-2.2.0.jar:/Users/juancarlos/.m2/repository/org/springdoc/springdoc-openapi-starter-webmvc-api/2.2.0/springdoc-openapi-starter-webmvc-api-2.2.0.jar:/Users/juancarlos/.m2/repository/org/springdoc/springdoc-openapi-starter-common/2.2.0/springdoc-openapi-starter-common-2.2.0.jar:/Users/juancarlos/.m2/repository/io/swagger/core/v3/swagger-core-jakarta/2.2.15/swagger-core-jakarta-2.2.15.jar:/Users/juancarlos/.m2/repository/io/swagger/core/v3/swagger-annotations-jakarta/2.2.15/swagger-annotations-jakarta-2.2.15.jar:/Users/juancarlos/.m2/repository/io/swagger/core/v3/swagger-models-jakarta/2.2.15/swagger-models-jakarta-2.2.15.jar:/Users/juancarlos/.m2/repository/jakarta/validation/jakarta.validation-api/3.0.2/jakarta.validation-api-3.0.2.jar:/Users/juancarlos/.m2/repository/com/fasterxml/jackson/dataformat/jackson-dataformat-yaml/2.19.2/jackson-dataformat-yaml-2.19.2.jar:/Users/juancarlos/.m2/repository/org/webjars/swagger-ui/5.2.0/swagger-ui-5.2.0.jar:/Users/juancarlos/.m2/repository/org/projectlombok/lombok/1.18.38/lombok-1.18.38.jar:/Users/juancarlos/.m2/repository/org/springframework/boot/spring-boot-starter-test/3.5.5/spring-boot-starter-test-3.5.5.jar:/Users/juancarlos/.m2/repository/org/springframework/boot/spring-boot-starter/3.5.5/spring-boot-starter-3.5.5.jar:/Users/juancarlos/.m2/repository/org/springframework/boot/spring-boot/3.5.5/spring-boot-3.5.5.jar:/Users/juancarlos/.m2/repository/org/springframework/boot/spring-boot-autoconfigure/3.5.5/spring-boot-autoconfigure-3.5.5.jar:/Users/juancarlos/.m2/repository/org/springframework/boot/spring-boot-starter-logging/3.5.5/spring-boot-starter-logging-3.5.5.jar:/Users/juancarlos/.m2/repository/ch/qos/logback/logback-classic/1.5.18/logback-classic-1.5.18.jar:/Users/juancarlos/.m2/repository/ch/qos/logback/logback-core/1.5.18/logback-core-1.5.18.jar:/Users/juancarlos/.m2/repository/org/apache/logging/log4j/log4j-to-slf4j/2.24.3/log4j-to-slf4j-2.24.3.jar:/Users/juancarlos/.m2/repository/org/apache/logging/log4j/log4j-api/2.24.3/log4j-api-2.24.3.jar:/Users/juancarlos/.m2/repository/org/slf4j/jul-to-slf4j/2.0.17/jul-to-slf4j-2.0.17.jar:/Users/juancarlos/.m2/repository/jakarta/annotation/jakarta.annotation-api/2.1.1/jakarta.annotation-api-2.1.1.jar:/Users/juancarlos/.m2/repository/org/yaml/snakeyaml/2.4/snakeyaml-2.4.jar:/Users/juancarlos/.m2/repository/org/springframework/boot/spring-boot-test/3.5.5/spring-boot-test-3.5.5.jar:/Users/juancarlos/.m2/repository/org/springframework/boot/spring-boot-test-autoconfigure/3.5.5/spring-boot-test-autoconfigure-3.5.5.jar:/Users/juancarlos/.m2/repository/com/jayway/jsonpath/json-path/2.9.0/json-path-2.9.0.jar:/Users/juancarlos/.m2/repository/jakarta/xml/bind/jakarta.xml.bind-api/4.0.2/jakarta.xml.bind-api-4.0.2.jar:/Users/juancarlos/.m2/repository/jakarta/activation/jakarta.activation-api/2.1.3/jakarta.activation-api-2.1.3.jar:/Users/juancarlos/.m2/repository/net/minidev/json-smart/2.5.2/json-smart-2.5.2.jar:/Users/juancarlos/.m2/repository/net/minidev/accessors-smart/2.5.2/accessors-smart-2.5.2.jar:/Users/juancarlos/.m2/repository/org/ow2/asm/asm/9.7.1/asm-9.7.1.jar:/Users/juancarlos/.m2/repository/org/assertj/assertj-core/3.27.4/assertj-core-3.27.4.jar:/Users/juancarlos/.m2/repository/org/awaitility/awaitility/4.2.2/awaitility-4.2.2.jar:/Users/juancarlos/.m2/repository/org/hamcrest/hamcrest/3.0/hamcrest-3.0.jar:/Users/juancarlos/.m2/repository/org/junit/jupiter/junit-jupiter/5.12.2/junit-jupiter-5.12.2.jar:/Users/juancarlos/.m2/repository/org/junit/jupiter/junit-jupiter-api/5.12.2/junit-jupiter-api-5.12.2.jar:/Users/juancarlos/.m2/repository/org/opentest4j/opentest4j/1.3.0/opentest4j-1.3.0.jar:/Users/juancarlos/.m2/repository/org/junit/platform/junit-platform-commons/1.12.2/junit-platform-commons-1.12.2.jar:/Users/juancarlos/.m2/repository/org/apiguardian/apiguardian-api/1.1.2/apiguardian-api-1.1.2.jar:/Users/juancarlos/.m2/repository/org/junit/jupiter/junit-jupiter-params/5.12.2/junit-jupiter-params-5.12.2.jar:/Users/juancarlos/.m2/repository/org/junit/jupiter/junit-jupiter-engine/5.12.2/junit-jupiter-engine-5.12.2.jar:/Users/juancarlos/.m2/repository/org/junit/platform/junit-platform-engine/1.12.2/junit-platform-engine-1.12.2.jar:/Users/juancarlos/.m2/repository/org/mockito/mockito-junit-jupiter/5.17.0/mockito-junit-jupiter-5.17.0.jar:/Users/juancarlos/.m2/repository/org/skyscreamer/jsonassert/1.5.3/jsonassert-1.5.3.jar:/Users/juancarlos/.m2/repository/com/vaadin/external/google/android-json/0.0.20131108.vaadin1/android-json-0.0.20131108.vaadin1.jar:/Users/juancarlos/.m2/repository/org/springframework/spring-core/6.2.10/spring-core-6.2.10.jar:/Users/juancarlos/.m2/repository/org/springframework/spring-test/6.2.10/spring-test-6.2.10.jar:/Users/juancarlos/.m2/repository/org/xmlunit/xmlunit-core/2.10.3/xmlunit-core-2.10.3.jar:/Users/juancarlos/.m2/repository/org/springframework/boot/spring-boot-starter-web/3.5.5/spring-boot-starter-web-3.5.5.jar:/Users/juancarlos/.m2/repository/org/springframework/boot/spring-boot-starter-json/3.5.5/spring-boot-starter-json-3.5.5.jar:/Users/juancarlos/.m2/repository/com/fasterxml/jackson/datatype/jackson-datatype-jdk8/2.19.2/jackson-datatype-jdk8-2.19.2.jar:/Users/juancarlos/.m2/repository/com/fasterxml/jackson/datatype/jackson-datatype-jsr310/2.19.2/jackson-datatype-jsr310-2.19.2.jar:/Users/juancarlos/.m2/repository/com/fasterxml/jackson/module/jackson-module-parameter-names/2.19.2/jackson-module-parameter-names-2.19.2.jar:/Users/juancarlos/.m2/repository/org/springframework/boot/spring-boot-starter-tomcat/3.5.5/spring-boot-starter-tomcat-3.5.5.jar:/Users/juancarlos/.m2/repository/org/apache/tomcat/embed/tomcat-embed-core/10.1.44/tomcat-embed-core-10.1.44.jar:/Users/juancarlos/.m2/repository/org/apache/tomcat/embed/tomcat-embed-el/10.1.44/tomcat-embed-el-10.1.44.jar:/Users/juancarlos/.m2/repository/org/apache/tomcat/embed/tomcat-embed-websocket/10.1.44/tomcat-embed-websocket-10.1.44.jar:/Users/juancarlos/.m2/repository/org/springframework/spring-web/6.2.10/spring-web-6.2.10.jar:/Users/juancarlos/.m2/repository/org/springframework/spring-webmvc/6.2.10/spring-webmvc-6.2.10.jar:/Users/juancarlos/.m2/repository/org/mongodb/mongodb-driver-sync/4.10.2/mongodb-driver-sync-4.10.2.jar:/Users/juancarlos/.m2/repository/org/mongodb/bson/5.5.1/bson-5.5.1.jar:/Users/juancarlos/.m2/repository/org/mongodb/mongodb-driver-core/4.10.2/mongodb-driver-core-4.10.2.jar:/Users/juancarlos/.m2/repository/org/mongodb/bson-record-codec/5.5.1/bson-record-codec-5.5.1.jar:/Users/juancarlos/.m2/repository/org/springframework/boot/spring-boot-starter-data-mongodb/3.5.5/spring-boot-starter-data-mongodb-3.5.5.jar:/Users/juancarlos/.m2/repository/org/springframework/boot/spring-boot-starter-security/3.5.5/spring-boot-starter-security-3.5.5.jar:/Users/juancarlos/.m2/repository/org/springframework/spring-aop/6.2.10/spring-aop-6.2.10.jar:/Users/juancarlos/.m2/repository/org/springframework/security/spring-security-config/6.5.3/spring-security-config-6.5.3.jar:/Users/juancarlos/.m2/repository/org/springframework/security/spring-security-web/6.5.3/spring-security-web-6.5.3.jar:/Users/juancarlos/.m2/repository/io/jsonwebtoken/jjwt-api/0.12.3/jjwt-api-0.12.3.jar:/Users/juancarlos/.m2/repository/io/jsonwebtoken/jjwt-impl/0.12.3/jjwt-impl-0.12.3.jar:/Users/juancarlos/.m2/repository/io/jsonwebtoken/jjwt-jackson/0.12.3/jjwt-jackson-0.12.3.jar:/Users/juancarlos/.m2/repository/org/mockito/mockito-core/5.17.0/mockito-core-5.17.0.jar:/Users/juancarlos/.m2/repository/net/bytebuddy/byte-buddy/1.17.7/byte-buddy-1.17.7.jar:/Users/juancarlos/.m2/repository/net/bytebuddy/byte-buddy-agent/1.17.7/byte-buddy-agent-1.17.7.jar:/Users/juancarlos/.m2/repository/org/objenesis/objenesis/3.3/objenesis-3.3.jar:/Users/juancarlos/.m2/repository/de/flapdoodle/embed/de.flapdoodle.embed.mongo/4.11.1/de.flapdoodle.embed.mongo-4.11.1.jar:/Users/juancarlos/.m2/repository/de/flapdoodle/embed/de.flapdoodle.embed.process/4.10.1/de.flapdoodle.embed.process-4.10.1.jar:/Users/juancarlos/.m2/repository/de/flapdoodle/reverse/de.flapdoodle.reverse/1.7.2/de.flapdoodle.reverse-1.7.2.jar:/Users/juancarlos/.m2/repository/de/flapdoodle/graph/de.flapdoodle.graph/1.3.3/de.flapdoodle.graph-1.3.3.jar:/Users/juancarlos/.m2/repository/org/jgrapht/jgrapht-core/1.4.0/jgrapht-core-1.4.0.jar:/Users/juancarlos/.m2/repository/org/jheaps/jheaps/0.11/jheaps-0.11.jar:/Users/juancarlos/.m2/repository/de/flapdoodle/java8/de.flapdoodle.java8/1.4.2/de.flapdoodle.java8-1.4.2.jar:/Users/juancarlos/.m2/repository/org/apache/commons/commons-lang3/3.17.0/commons-lang3-3.17.0.jar:/Users/juancarlos/.m2/repository/org/apache/commons/commons-compress/1.25.0/commons-compress-1.25.0.jar:/Users/juancarlos/.m2/repository/net/java/dev/jna/jna/5.13.0/jna-5.13.0.jar:/Users/juancarlos/.m2/repository/net/java/dev/jna/jna-platform/5.13.0/jna-platform-5.13.0.jar:/Users/juancarlos/.m2/repository/de/flapdoodle/de.flapdoodle.os-api/1.4.1/de.flapdoodle.os-api-1.4.1.jar:/Users/juancarlos/.m2/repository/de/flapdoodle/embed/de.flapdoodle.embed.mongo.packageresolver/4.10.2/de.flapdoodle.embed.mongo.packageresolver-4.10.2.jar:/Users/juancarlos/.m2/repository/de/flapdoodle/de.flapdoodle.os/1.5.3/de.flapdoodle.os-1.5.3.jar:"/>
    <property name="sun.cpu.endian" value="little"/>
    <property name="user.home" value="/Users/juancarlos"/>
    <property name="user.language" value="es"/>
    <property name="java.specification.vendor" value="Oracle Corporation"/>
    <property name="java.version.date" value="2025-07-15"/>
    <property name="java.home" value="/Library/Java/JavaVirtualMachines/temurin-17.jdk/Contents/Home"/>
    <property name="file.separator" value="/"/>
    <property name="basedir" value="/Users/juancarlos/Desktop/Taller_Receso_Juan_Leal"/>
    <property name="java.vm.compressedOopsMode" value="Zero based"/>
    <property name="line.separator" value="&#10;"/>
    <property name="java.vm.specification.vendor" value="Oracle Corporation"/>
    <property name="java.specification.name" value="Java Platform API Specification"/>
    <property name="FILE_LOG_CHARSET" value="UTF-8"/>
    <property name="java.awt.headless" value="true"/>
    <property name="surefire.real.class.path" value="/Users/juancarlos/Desktop/Taller_Receso_Juan_Leal/target/surefire/surefirebooter-20251030201822110_3.jar"/>
    <property name="sun.management.compiler" value="HotSpot 64-Bit Tiered Compilers"/>
    <property name="ftp.nonProxyHosts" value="local|*.local|169.254/16|*.169.254/16"/>
    <property name="java.runtime.version" value="17.0.16+8"/>
    <property name="user.name" value="juancarlos"/>
    <property name="path.separator" value=":"/>
    <property name="os.version" value="12.7.6"/>
    <property name="java.runtime.name" value="OpenJDK Runtime Environment"/>
    <property name="file.encoding" value="UTF-8"/>
    <property name="java.vm.name" value="OpenJDK 64-Bit Server VM"/>
    <property name="java.vendor.version" value="Temurin-17.0.16+8"/>
    <property name="localRepository" value="/Users/juancarlos/.m2/repository"/>
    <property name="java.vendor.url.bug" value="https://github.com/adoptium/adoptium-support/issues"/>
    <property name="java.io.tmpdir" value="/var/folders/xq/7c9tm6654qxbmb1mfw3gc00c0000gn/T/"/>
    <property name="java.version" value="17.0.16"/>
    <property name="user.dir" value="/Users/juancarlos/Desktop/Taller_Receso_Juan_Leal"/>
    <property name="os.arch" value="x86_64"/>
    <property name="java.vm.specification.name" value="Java Virtual Machine Specification"/>
    <property name="PID" value="30617"/>
    <property name="CONSOLE_LOG_CHARSET" value="UTF-8"/>
    <property name="native.encoding" value="UTF-8"/>
    <property name="java.library.path" value="/Users/juancarlos/Library/Java/Extensions:/Library/Java/Extensions:/Network/Library/Java/Extensions:/System/Library/Java/Extensions:/usr/lib/java:."/>
    <property name="java.vm.info" value="mixed mode"/>
    <property name="java.vendor" value="Eclipse Adoptium"/>
    <property name="java.vm.version" value="17.0.16+8"/>
    <property name="java.specification.maintenance.version" value="1"/>
    <property name="sun.io.unicode.encoding" value="UnicodeBig"/>
    <property name="socksNonProxyHosts" value="local|*.local|169.254/16|*.169.254/16"/>
    <property name="java.class.version" value="61.0"/>
    <property name="LOGGED_APPLICATION_NAME" value="[TallerReceso] "/>
  </properties>
  <testcase name="contextLoads" classname="com.example.TallerReceso.TallerRecesoApplicationTests" time="0.055">
    <system-out><![CDATA[20:18:35.144 [main] INFO org.springframework.test.context.support.AnnotationConfigContextLoaderUtils -- Could not detect default configuration classes for test class [com.example.TallerReceso.TallerRecesoApplicationTests]: TallerRecesoApplicationTests does not declare any static, non-private, non-final, nested classes annotated with @Configuration.
20:18:35.800 [main] INFO org.springframework.boot.test.context.SpringBootTestContextBootstrapper -- Found @SpringBootConfiguration com.example.TallerReceso.TallerRecesoApplication for test class com.example.TallerReceso.TallerRecesoApplicationTests

  .   ____          _            __ _ _
 /\\ / ___'_ __ _ _(_)_ __  __ _ \ \ \ \
( ( )\___ | '_ | '_| | '_ \/ _` | \ \ \ \
 \\/  ___)| |_)| | | | | || (_| |  ) ) ) )
  '  |____| .__|_| |_|_| |_\__, | / / / /
 =========|_|==============|___/=/_/_/_/

 :: Spring Boot ::                (v3.5.5)

2025-10-30T20:18:38.636-05:00  INFO 30617 --- [TallerReceso] [           main] c.e.T.TallerRecesoApplicationTests       : Starting TallerRecesoApplicationTests using Java 17.0.16 with PID 30617 (started by juancarlos in /Users/juancarlos/Desktop/Taller_Receso_Juan_Leal)
2025-10-30T20:18:38.644-05:00  INFO 30617 --- [TallerReceso] [           main] c.e.T.TallerRecesoApplicationTests       : No active profile set, falling back to 1 default profile: "default"
2025-10-30T20:18:43.981-05:00  INFO 30617 --- [TallerReceso] [           main] .s.d.r.c.RepositoryConfigurationDelegate : Bootstrapping Spring Data MongoDB repositories in DEFAULT mode.
2025-10-30T20:18:44.256-05:00  INFO 30617 --- [TallerReceso] [           main] .s.d.r.c.RepositoryConfigurationDelegate : Finished Spring Data repository scanning in 240 ms. Found 5 MongoDB repository interfaces.
2025-10-30T20:18:46.688-05:00  INFO 30617 --- [TallerReceso] [v9c.mongodb.net] org.mongodb.driver.cluster               : Adding discovered server ac-owgczrm-shard-00-01.dxffv9c.mongodb.net:27017 to client view of cluster
2025-10-30T20:18:46.810-05:00  INFO 30617 --- [TallerReceso] [           main] org.mongodb.driver.client                : MongoClient with metadata {"driver": {"name": "mongo-java-driver|sync|spring-boot", "version": "4.10.2"}, "os": {"type": "Darwin", "name": "Mac OS X", "architecture": "x86_64", "version": "12.7.6"}, "platform": "Java/Eclipse Adoptium/17.0.16+8", "application": {"name": "TallerReceso"}} created with settings MongoClientSettings{readPreference=primary, writeConcern=WriteConcern{w=null, wTimeout=null ms, journal=null}, retryWrites=true, retryReads=true, readConcern=ReadConcern{level=null}, credential=MongoCredential{mechanism=null, userName='juanlcruz_db_user', source='admin', password=<hidden>, mechanismProperties=<hidden>}, streamFactoryFactory=null, commandListeners=[], codecRegistry=ProvidersCodecRegistry{codecProviders=[ValueCodecProvider{}, BsonValueCodecProvider{}, DBRefCodecProvider{}, DBObjectCodecProvider{}, DocumentCodecProvider{}, CollectionCodecProvider{}, IterableCodecProvider{}, MapCodecProvider{}, GeoJsonCodecProvider{}, GridFSFileCodecProvider{}, Jsr310CodecProvider{}, JsonObjectCodecProvider{}, BsonCodecProvider{}, EnumCodecProvider{}, com.mongodb.client.model.mql.ExpressionCodecProvider@7fcbb24b, com.mongodb.Jep395RecordCodecProvider@58b69176, com.mongodb.KotlinCodecProvider@1e8b3a8]}, loggerSettings=LoggerSettings{maxDocumentLength=1000}, clusterSettings={hosts=[127.0.0.1:27017], srvHost=tallerreceso.dxffv9c.mongodb.net, srvServiceName=mongodb, mode=MULTIPLE, requiredClusterType=REPLICA_SET, requiredReplicaSetName='atlas-c5x3q8-shard-0', serverSelector='null', clusterListeners='[]', serverSelectionTimeout='30000 ms', localThreshold='30000 ms'}, socketSettings=SocketSettings{connectTimeoutMS=10000, readTimeoutMS=0, receiveBufferSize=0, sendBufferSize=0}, heartbeatSocketSettings=SocketSettings{connectTimeoutMS=10000, readTimeoutMS=10000, receiveBufferSize=0, sendBufferSize=0}, connectionPoolSettings=ConnectionPoolSettings{maxSize=100, minSize=0, maxWaitTimeMS=120000, maxConnectionLifeTimeMS=0, maxConnectionIdleTimeMS=0, maintenanceInitialDelayMS=0, maintenanceFrequencyMS=60000, connectionPoolListeners=[], maxConnecting=2}, serverSettings=ServerSettings{heartbeatFrequencyMS=10000, minHeartbeatFrequencyMS=500, serverListeners='[]', serverMonitorListeners='[]'}, sslSettings=SslSettings{enabled=true, invalidHostNameAllowed=false, context=null}, applicationName='TallerReceso', compressorList=[], uuidRepresentation=JAVA_LEGACY, serverApi=null, autoEncryptionSettings=null, dnsClient=null, inetAddressResolver=null, contextProvider=null}
2025-10-30T20:18:46.905-05:00  INFO 30617 --- [TallerReceso] [v9c.mongodb.net] org.mongodb.driver.cluster               : Adding discovered server ac-owgczrm-shard-00-02.dxffv9c.mongodb.net:27017 to client view of cluster
2025-10-30T20:18:46.912-05:00  INFO 30617 --- [TallerReceso] [v9c.mongodb.net] org.mongodb.driver.cluster               : Adding discovered server ac-owgczrm-shard-00-00.dxffv9c.mongodb.net:27017 to client view of cluster
2025-10-30T20:18:48.881-05:00  INFO 30617 --- [TallerReceso] [ngodb.net:27017] org.mongodb.driver.cluster               : Monitor thread successfully connected to server with description ServerDescription{address=ac-owgczrm-shard-00-02.dxffv9c.mongodb.net:27017, type=REPLICA_SET_SECONDARY, state=CONNECTED, ok=true, minWireVersion=0, maxWireVersion=25, maxDocumentSize=16777216, logicalSessionTimeoutMinutes=30, roundTripTimeNanos=954084177, setName='atlas-c5x3q8-shard-0', canonicalAddress=ac-owgczrm-shard-00-02.dxffv9c.mongodb.net:27017, hosts=[ac-owgczrm-shard-00-01.dxffv9c.mongodb.net:27017, ac-owgczrm-shard-00-02.dxffv9c.mongodb.net:27017, ac-owgczrm-shard-00-00.dxffv9c.mongodb.net:27017], passives=[], arbiters=[], primary='ac-owgczrm-shard-00-01.dxffv9c.mongodb.net:27017', tagSet=TagSet{[Tag{name='availabilityZone', value='use1-az1'}, Tag{name='diskState', value='READY'}, Tag{name='nodeType', value='ELECTABLE'}, Tag{name='provider', value='AWS'}, Tag{name='region', value='US_EAST_1'}, Tag{name='workloadType', value='OPERATIONAL'}]}, electionId=null, setVersion=157, topologyVersion=TopologyVersion{processId=68f7ee8611e89ebfd88828d6, counter=3}, lastWriteDate=Thu Oct 30 20:18:48 COT 2025, lastUpdateTimeNanos=561751132071931}
2025-10-30T20:18:48.881-05:00  INFO 30617 --- [TallerReceso] [ngodb.net:27017] org.mongodb.driver.cluster               : Monitor thread successfully connected to server with description ServerDescription{address=ac-owgczrm-shard-00-01.dxffv9c.mongodb.net:27017, type=REPLICA_SET_PRIMARY, state=CONNECTED, ok=true, minWireVersion=0, maxWireVersion=25, maxDocumentSize=16777216, logicalSessionTimeoutMinutes=30, roundTripTimeNanos=955266135, setName='atlas-c5x3q8-shard-0', canonicalAddress=ac-owgczrm-shard-00-01.dxffv9c.mongodb.net:27017, hosts=[ac-owgczrm-shard-00-01.dxffv9c.mongodb.net:27017, ac-owgczrm-shard-00-02.dxffv9c.mongodb.net:27017, ac-owgczrm-shard-00-00.dxffv9c.mongodb.net:27017], passives=[], arbiters=[], primary='ac-owgczrm-shard-00-01.dxffv9c.mongodb.net:27017', tagSet=TagSet{[Tag{name='availabilityZone', value='use1-az6'}, Tag{name='diskState', value='READY'}, Tag{name='nodeType', value='ELECTABLE'}, Tag{name='provider', value='AWS'}, Tag{name='region', value='US_EAST_1'}, Tag{name='workloadType', value='OPERATIONAL'}]}, electionId=7fffffff00000000000001bd, setVersion=157, topologyVersion=TopologyVersion{processId=68f7eb4c3a4e1d21cb40d6f8, counter=6}, lastWriteDate=Thu Oct 30 20:18:48 COT 2025, lastUpdateTimeNanos=561751132887140}
2025-10-30T20:18:48.883-05:00  INFO 30617 --- [TallerReceso] [ngodb.net:27017] org.mongodb.driver.cluster               : Monitor thread successfully connected to server with description ServerDescription{address=ac-owgczrm-shard-00-00.dxffv9c.mongodb.net:27017, type=REPLICA_SET_SECONDARY, state=CONNECTED, ok=true, minWireVersion=0, maxWireVersion=25, maxDocumentSize=16777216, logicalSessionTimeoutMinutes=30, roundTripTimeNanos=955047088, setName='atlas-c5x3q8-shard-0', canonicalAddress=ac-owgczrm-shard-00-00.dxffv9c.mongodb.net:27017, hosts=[ac-owgczrm-shard-00-01.dxffv9c.mongodb.net:27017, ac-owgczrm-shard-00-02.dxffv9c.mongodb.net:27017, ac-owgczrm-shard-00-00.dxffv9c.mongodb.net:27017], passives=[], arbiters=[], primary='ac-owgczrm-shard-00-01.dxffv9c.mongodb.net:27017', tagSet=TagSet{[Tag{name='availabilityZone', value='use1-az4'}, Tag{name='diskState', value='READY'}, Tag{name='nodeType', value='ELECTABLE'}, Tag{name='provider', value='AWS'}, Tag{name='region', value='US_EAST_1'}, Tag{name='workloadType', value='OPERATIONAL'}]}, electionId=null, setVersion=157, topologyVersion=TopologyVersion{processId=68f7e8b29845bc3fcfe8c79a, counter=4}, lastWriteDate=Thu Oct 30 20:18:48 COT 2025, lastUpdateTimeNanos=561751132979880}
2025-10-30T20:18:48.916-05:00  INFO 30617 --- [TallerReceso] [ngodb.net:27017] org.mongodb.driver.cluster               : Discovered replica set primary ac-owgczrm-shard-00-01.dxffv9c.mongodb.net:27017 with max election id 7fffffff00000000000001bd and max set version 157
2025-10-30T20:18:50.477-05:00  WARN 30617 --- [TallerReceso] [           main] .s.s.UserDetailsServiceAutoConfiguration : 

Using generated security password: c6c40b9c-dedd-4dad-98be-de2327f2b930

This generated password is for development use only. Your security configuration must be updated before running your application in production.

2025-10-30T20:18:50.532-05:00  INFO 30617 --- [TallerReceso] [           main] r$InitializeUserDetailsManagerConfigurer : Global AuthenticationManager configured with UserDetailsService bean with name inMemoryUserDetailsManager
2025-10-30T20:18:51.497-05:00  INFO 30617 --- [TallerReceso] [           main] o.s.v.b.OptionalValidatorFactoryBean     : Failed to set up a Bean Validation provider: jakarta.validation.NoProviderFoundException: Unable to create a Configuration, because no Jakarta Bean Validation provider could be found. Add a provider like Hibernate Validator (RI) to your classpath.
2025-10-30T20:18:53.572-05:00  INFO 30617 --- [TallerReceso] [           main] c.e.T.TallerRecesoApplicationTests       : Started TallerRecesoApplicationTests in 16.834 seconds (process running for 31.182)
]]></system-out>
  </testcase>
</testsuite>